The system is: Windows - 10.0.19045 - AMD64
Compiling the C compiler identification source file "CMakeCCompilerId.c" succeeded.
Compiler: C:/Program Files/JetBrains/CLion 2022.2.3/bin/mingw/bin/gcc.exe 
Build flags: 
Id flags:  

The output was:
0


Compilation of the C compiler identification source "CMakeCCompilerId.c" produced "a.exe"

The C compiler identification is GNU, found in "C:/Users/PopovArtem/CLionProjects/PP2/cmake-build-debug/CMakeFiles/3.23.2/CompilerIdC/a.exe"

Compiling the CXX compiler identification source file "CMakeCXXCompilerId.cpp" succeeded.
Compiler: C:/Program Files/JetBrains/CLion 2022.2.3/bin/mingw/bin/g++.exe 
Build flags: 
Id flags:  

The output was:
0


Compilation of the CXX compiler identification source "CMakeCXXCompilerId.cpp" produced "a.exe"

The CXX compiler identification is GNU, found in "C:/Users/PopovArtem/CLionProjects/PP2/cmake-build-debug/CMakeFiles/3.23.2/CompilerIdCXX/a.exe"

Determining if the C compiler works passed with the following output:
Change Dir: C:/Users/PopovArtem/CLionProjects/PP2/cmake-build-debug/CMakeFiles/CMakeTmp

Run Build Command(s):C:/PROGRA~1/JETBRA~1/CLION2~2.3/bin/mingw/bin/mingw32-make.exe -f Makefile cmTC_088d5/fast && C:/PROGRA~1/JETBRA~1/CLION2~2.3/bin/mingw/bin/mingw32-make.exe  -f CMakeFiles\cmTC_088d5.dir\build.make CMakeFiles/cmTC_088d5.dir/build
mingw32-make[1]: Entering directory 'C:/Users/PopovArtem/CLionProjects/PP2/cmake-build-debug/CMakeFiles/CMakeTmp'
Building C object CMakeFiles/cmTC_088d5.dir/testCCompiler.c.obj
C:\PROGRA~1\JETBRA~1\CLION2~2.3\bin\mingw\bin\gcc.exe    -o CMakeFiles\cmTC_088d5.dir\testCCompiler.c.obj -c C:\Users\PopovArtem\CLionProjects\PP2\cmake-build-debug\CMakeFiles\CMakeTmp\testCCompiler.c
Linking C executable cmTC_088d5.exe
"C:\Program Files\JetBrains\CLion 2022.2.3\bin\cmake\win\bin\cmake.exe" -E cmake_link_script CMakeFiles\cmTC_088d5.dir\link.txt --verbose=1
"C:\Program Files\JetBrains\CLion 2022.2.3\bin\cmake\win\bin\cmake.exe" -E rm -f CMakeFiles\cmTC_088d5.dir/objects.a
C:\PROGRA~1\JETBRA~1\CLION2~2.3\bin\mingw\bin\ar.exe qc CMakeFiles\cmTC_088d5.dir/objects.a @CMakeFiles\cmTC_088d5.dir\objects1.rsp
C:\PROGRA~1\JETBRA~1\CLION2~2.3\bin\mingw\bin\gcc.exe -Wl,--whole-archive CMakeFiles\cmTC_088d5.dir/objects.a -Wl,--no-whole-archive -o cmTC_088d5.exe -Wl,--out-implib,libcmTC_088d5.dll.a -Wl,--major-image-version,0,--minor-image-version,0 @CMakeFiles\cmTC_088d5.dir\linklibs.rsp
mingw32-make[1]: Leaving directory 'C:/Users/PopovArtem/CLionProjects/PP2/cmake-build-debug/CMakeFiles/CMakeTmp'



Determining if the CXX compiler works passed with the following output:
Change Dir: C:/Users/PopovArtem/CLionProjects/PP2/cmake-build-debug/CMakeFiles/CMakeTmp

Run Build Command(s):C:/PROGRA~1/JETBRA~1/CLION2~2.3/bin/mingw/bin/mingw32-make.exe -f Makefile cmTC_c149f/fast && C:/PROGRA~1/JETBRA~1/CLION2~2.3/bin/mingw/bin/mingw32-make.exe  -f CMakeFiles\cmTC_c149f.dir\build.make CMakeFiles/cmTC_c149f.dir/build
mingw32-make[1]: Entering directory 'C:/Users/PopovArtem/CLionProjects/PP2/cmake-build-debug/CMakeFiles/CMakeTmp'
Building CXX object CMakeFiles/cmTC_c149f.dir/testCXXCompiler.cxx.obj
C:\PROGRA~1\JETBRA~1\CLION2~2.3\bin\mingw\bin\G__~1.EXE    -o CMakeFiles\cmTC_c149f.dir\testCXXCompiler.cxx.obj -c C:\Users\PopovArtem\CLionProjects\PP2\cmake-build-debug\CMakeFiles\CMakeTmp\testCXXCompiler.cxx
Linking CXX executable cmTC_c149f.exe
"C:\Program Files\JetBrains\CLion 2022.2.3\bin\cmake\win\bin\cmake.exe" -E cmake_link_script CMakeFiles\cmTC_c149f.dir\link.txt --verbose=1
"C:\Program Files\JetBrains\CLion 2022.2.3\bin\cmake\win\bin\cmake.exe" -E rm -f CMakeFiles\cmTC_c149f.dir/objects.a
C:\PROGRA~1\JETBRA~1\CLION2~2.3\bin\mingw\bin\ar.exe qc CMakeFiles\cmTC_c149f.dir/objects.a @CMakeFiles\cmTC_c149f.dir\objects1.rsp
C:\PROGRA~1\JETBRA~1\CLION2~2.3\bin\mingw\bin\G__~1.EXE -Wl,--whole-archive CMakeFiles\cmTC_c149f.dir/objects.a -Wl,--no-whole-archive -o cmTC_c149f.exe -Wl,--out-implib,libcmTC_c149f.dll.a -Wl,--major-image-version,0,--minor-image-version,0 @CMakeFiles\cmTC_c149f.dir\linklibs.rsp
mingw32-make[1]: Leaving directory 'C:/Users/PopovArtem/CLionProjects/PP2/cmake-build-debug/CMakeFiles/CMakeTmp'



